<?xml version="1.0" encoding="UTF-8"?>
<!-- Generated by org.testng.reporters.JUnitReportReporter -->
<testsuite hostname="DESKTOP-CH10FVK" failures="0" tests="1" name="Tests.TestScenario2" time="6.994" errors="0" timestamp="2023-01-02T18:39:46 IST" skipped="0">
  <testcase classname="Tests.TestScenario2" name="Logout" time="6.994"/>
  <system-out/>
</testsuite> <!-- Tests.TestScenario2 -->
