<?xml version="1.0" encoding="UTF-8"?>
<!-- Generated by org.testng.reporters.JUnitReportReporter -->
<testsuite hostname="DESKTOP-CH10FVK" failures="0" tests="1" name="Tests.TestScenario2" time="12.339" errors="0" timestamp="2023-01-02T16:46:38 IST" skipped="0">
  <testcase classname="Tests.TestScenario2" name="Logout" time="12.339"/>
  <system-out/>
</testsuite> <!-- Tests.TestScenario2 -->
